e:\mfc\pdf\libharu\debug\vc120.pdb
e:\mfc\pdf\libharu\debug\vc120.idb
e:\mfc\pdf\libharu\debug\hpdf_image_png.obj
e:\mfc\pdf\libharu\debug\hpdf_info.obj
e:\mfc\pdf\libharu\debug\hpdf_list.obj
e:\mfc\pdf\libharu\debug\hpdf_mmgr.obj
e:\mfc\pdf\libharu\debug\hpdf_name.obj
e:\mfc\pdf\libharu\debug\hpdf_namedict.obj
e:\mfc\pdf\libharu\debug\hpdf_null.obj
e:\mfc\pdf\libharu\debug\hpdf_number.obj
e:\mfc\pdf\libharu\debug\hpdf_objects.obj
e:\mfc\pdf\libharu\debug\hpdf_outline.obj
e:\mfc\pdf\libharu\debug\hpdf_pages.obj
e:\mfc\pdf\libharu\debug\hpdf_page_label.obj
e:\mfc\pdf\libharu\debug\hpdf_page_operator.obj
e:\mfc\pdf\libharu\debug\hpdf_pdfa.obj
e:\mfc\pdf\libharu\debug\hpdf_real.obj
e:\mfc\pdf\libharu\debug\hpdf_streams.obj
e:\mfc\pdf\libharu\debug\hpdf_string.obj
e:\mfc\pdf\libharu\debug\hpdf_u3d.obj
e:\mfc\pdf\libharu\debug\hpdf_utils.obj
e:\mfc\pdf\libharu\debug\hpdf_xref.obj
e:\mfc\pdf\libharu\debug\hpdf_encryptdict.obj
e:\mfc\pdf\libharu\debug\hpdf_error.obj
e:\mfc\pdf\libharu\debug\hpdf_exdata.obj
e:\mfc\pdf\libharu\debug\hpdf_ext_gstate.obj
e:\mfc\pdf\libharu\debug\hpdf_font.obj
e:\mfc\pdf\libharu\debug\hpdf_fontdef.obj
e:\mfc\pdf\libharu\debug\hpdf_fontdef_base14.obj
e:\mfc\pdf\libharu\debug\hpdf_fontdef_cid.obj
e:\mfc\pdf\libharu\debug\hpdf_fontdef_cns.obj
e:\mfc\pdf\libharu\debug\hpdf_fontdef_cnt.obj
e:\mfc\pdf\libharu\debug\hpdf_fontdef_jp.obj
e:\mfc\pdf\libharu\debug\hpdf_fontdef_kr.obj
e:\mfc\pdf\libharu\debug\hpdf_fontdef_tt.obj
e:\mfc\pdf\libharu\debug\hpdf_fontdef_type1.obj
e:\mfc\pdf\libharu\debug\hpdf_font_cid.obj
e:\mfc\pdf\libharu\debug\hpdf_font_tt.obj
e:\mfc\pdf\libharu\debug\hpdf_font_type1.obj
e:\mfc\pdf\libharu\debug\hpdf_gstate.obj
e:\mfc\pdf\libharu\debug\hpdf_image.obj
e:\mfc\pdf\libharu\debug\hpdf_image_ccitt.obj
e:\mfc\pdf\libharu\debug\hpdf_3dmeasure.obj
e:\mfc\pdf\libharu\debug\hpdf_annotation.obj
e:\mfc\pdf\libharu\debug\hpdf_array.obj
e:\mfc\pdf\libharu\debug\hpdf_binary.obj
e:\mfc\pdf\libharu\debug\hpdf_boolean.obj
e:\mfc\pdf\libharu\debug\hpdf_catalog.obj
e:\mfc\pdf\libharu\debug\hpdf_destination.obj
e:\mfc\pdf\libharu\debug\hpdf_dict.obj
e:\mfc\pdf\libharu\debug\hpdf_doc.obj
e:\mfc\pdf\libharu\debug\hpdf_doc_png.obj
e:\mfc\pdf\libharu\debug\hpdf_encoder.obj
e:\mfc\pdf\libharu\debug\hpdf_encoder_cns.obj
e:\mfc\pdf\libharu\debug\hpdf_encoder_cnt.obj
e:\mfc\pdf\libharu\debug\hpdf_encoder_jp.obj
e:\mfc\pdf\libharu\debug\hpdf_encoder_kr.obj
e:\mfc\pdf\libharu\debug\hpdf_encoder_utf.obj
e:\mfc\pdf\libharu\debug\hpdf_encrypt.obj
e:\mfc\pdf\debug\libharu.lib
e:\mfc\pdf\libharu\debug\libharu.tlog\cl.command.1.tlog
e:\mfc\pdf\libharu\debug\libharu.tlog\cl.read.1.tlog
e:\mfc\pdf\libharu\debug\libharu.tlog\cl.write.1.tlog
e:\mfc\pdf\libharu\debug\libharu.tlog\lib-link.read.1.tlog
e:\mfc\pdf\libharu\debug\libharu.tlog\lib-link.write.1.tlog
e:\mfc\pdf\libharu\debug\libharu.tlog\lib.command.1.tlog
