e:\mfc\pdf\zlib\debug\vc120.pdb
e:\mfc\pdf\zlib\debug\vc120.idb
e:\mfc\pdf\zlib\debug\adler32.obj
e:\mfc\pdf\zlib\debug\compress.obj
e:\mfc\pdf\zlib\debug\crc32.obj
e:\mfc\pdf\zlib\debug\deflate.obj
e:\mfc\pdf\zlib\debug\gzclose.obj
e:\mfc\pdf\zlib\debug\gzlib.obj
e:\mfc\pdf\zlib\debug\gzread.obj
e:\mfc\pdf\zlib\debug\gzwrite.obj
e:\mfc\pdf\zlib\debug\infback.obj
e:\mfc\pdf\zlib\debug\inffast.obj
e:\mfc\pdf\zlib\debug\inflate.obj
e:\mfc\pdf\zlib\debug\inftrees.obj
e:\mfc\pdf\zlib\debug\trees.obj
e:\mfc\pdf\zlib\debug\uncompr.obj
e:\mfc\pdf\zlib\debug\zutil.obj
e:\mfc\pdf\debug\zlib.lib
e:\mfc\pdf\zlib\debug\zlib.tlog\cl.command.1.tlog
e:\mfc\pdf\zlib\debug\zlib.tlog\cl.read.1.tlog
e:\mfc\pdf\zlib\debug\zlib.tlog\cl.write.1.tlog
e:\mfc\pdf\zlib\debug\zlib.tlog\lib-link.read.1.tlog
e:\mfc\pdf\zlib\debug\zlib.tlog\lib-link.write.1.tlog
e:\mfc\pdf\zlib\debug\zlib.tlog\lib.command.1.tlog
