e:\mfc\pdf\libpng\debug\vc120.pdb
e:\mfc\pdf\libpng\debug\vc120.idb
e:\mfc\pdf\libpng\debug\png.obj
e:\mfc\pdf\libpng\debug\pngerror.obj
e:\mfc\pdf\libpng\debug\pngget.obj
e:\mfc\pdf\libpng\debug\pngmem.obj
e:\mfc\pdf\libpng\debug\pngpread.obj
e:\mfc\pdf\libpng\debug\pngread.obj
e:\mfc\pdf\libpng\debug\pngrio.obj
e:\mfc\pdf\libpng\debug\pngrtran.obj
e:\mfc\pdf\libpng\debug\pngrutil.obj
e:\mfc\pdf\libpng\debug\pngset.obj
e:\mfc\pdf\libpng\debug\pngtest.obj
e:\mfc\pdf\libpng\debug\pngtrans.obj
e:\mfc\pdf\libpng\debug\pngwio.obj
e:\mfc\pdf\libpng\debug\pngwrite.obj
e:\mfc\pdf\libpng\debug\pngwtran.obj
e:\mfc\pdf\libpng\debug\pngwutil.obj
e:\mfc\pdf\debug\libpng.lib
e:\mfc\pdf\libpng\debug\libpng.tlog\cl.command.1.tlog
e:\mfc\pdf\libpng\debug\libpng.tlog\cl.read.1.tlog
e:\mfc\pdf\libpng\debug\libpng.tlog\cl.write.1.tlog
e:\mfc\pdf\libpng\debug\libpng.tlog\lib-link.read.1.tlog
e:\mfc\pdf\libpng\debug\libpng.tlog\lib-link.write.1.tlog
e:\mfc\pdf\libpng\debug\libpng.tlog\lib.command.1.tlog
